Reading netlist file: "/home/akiel/trunk/pub/signalmesh/modules/afm/impl/gwsynthesis/afm.vg"
Parsing netlist file "/home/akiel/trunk/pub/signalmesh/modules/afm/impl/gwsynthesis/afm.vg" completed
Processing netlist completed
Reading constraint file: "/home/akiel/trunk/pub/signalmesh/modules/afm/src/pins.cst"
Physical Constraint parsed completed
Running placement......
[10%] Placement Phase 0 completed
[20%] Placement Phase 1 completed
[30%] Placement Phase 2 completed
[50%] Placement Phase 3 completed
Running routing......
[60%] Routing Phase 0 completed
[70%] Routing Phase 1 completed
[80%] Routing Phase 2 completed
[90%] Routing Phase 3 completed
Running timing analysis......
[95%] Timing analysis completed
Placement and routing completed
Bitstream generation in progress......
Bitstream generation completed
Running power analysis......
[100%] Power analysis completed
Generate file "/home/akiel/trunk/pub/signalmesh/modules/afm/impl/pnr/afm.power.html" completed
Generate file "/home/akiel/trunk/pub/signalmesh/modules/afm/impl/pnr/afm.pin.html" completed
Generate file "/home/akiel/trunk/pub/signalmesh/modules/afm/impl/pnr/afm.rpt.html" completed
Generate file "/home/akiel/trunk/pub/signalmesh/modules/afm/impl/pnr/afm.rpt.txt" completed
Generate file "/home/akiel/trunk/pub/signalmesh/modules/afm/impl/pnr/afm.tr.html" completed
Sat Jan 24 18:05:36 2026

