GowinSynthesis start
Running parser ...
Analyzing Verilog file '/home/akiel/trunk/pub/signalmesh/modules/afm/src/blink.v'
Analyzing Verilog file '/home/akiel/trunk/pub/signalmesh/modules/afm/src/gowin_rpll/gowin_rpll.v'
Compiling module 'pll_blink'("/home/akiel/trunk/pub/signalmesh/modules/afm/src/blink.v":1)
Compiling module 'Gowin_rPLL'("/home/akiel/trunk/pub/signalmesh/modules/afm/src/gowin_rpll/gowin_rpll.v":11)
WARN  (EX3791) : Expression size 27 truncated to fit in target size 26("/home/akiel/trunk/pub/signalmesh/modules/afm/src/blink.v":37)
WARN  (EX3791) : Expression size 25 truncated to fit in target size 24("/home/akiel/trunk/pub/signalmesh/modules/afm/src/blink.v":76)
WARN  (EX3791) : Expression size 26 truncated to fit in target size 25("/home/akiel/trunk/pub/signalmesh/modules/afm/src/blink.v":85)
NOTE  (EX0101) : Current top module is "pll_blink"
[5%] Running netlist conversion ...
Running device independent optimization ...
[10%] Optimizing Phase 0 completed
[15%] Optimizing Phase 1 completed
[25%] Optimizing Phase 2 completed
Running inference ...
[30%] Inferring Phase 0 completed
[40%] Inferring Phase 1 completed
[50%] Inferring Phase 2 completed
[55%] Inferring Phase 3 completed
Running technical mapping ...
[60%] Tech-Mapping Phase 0 completed
[65%] Tech-Mapping Phase 1 completed
[75%] Tech-Mapping Phase 2 completed
[80%] Tech-Mapping Phase 3 completed
[90%] Tech-Mapping Phase 4 completed
[95%] Generate netlist file "/home/akiel/trunk/pub/signalmesh/modules/afm/impl/gwsynthesis/afm.vg" completed
[100%] Generate report file "/home/akiel/trunk/pub/signalmesh/modules/afm/impl/gwsynthesis/afm_syn.rpt.html" completed
GowinSynthesis finish
